<?xml version="1.0" encoding="UTF-8"?>
<!-- Generated by org.testng.reporters.JUnitXMLReporter -->
<testsuite ignored="0" hostname="darkstar" failures="0" tests="3" name="Command line test" time="2.363" errors="0" timestamp="2022-12-10T00:14:41 EET">
  <testcase classname="SortingTest" name="SortingMenu" time="0.491"/>
  <testcase classname="SortingTest" name="SortingMenuExist" time="0.026"/>
  <testcase classname="LoginTest" name="loginPage" time="0.487"/>
</testsuite> <!-- Command line test -->
