<?xml version="1.0" encoding="UTF-8"?>
<testng-results ignored="0" total="3" passed="3" failed="0" skipped="0">
  <reporter-output>
  </reporter-output>
  <suite started-at="2022-12-10T00:14:38 EET" name="Command line suite" finished-at="2022-12-10T00:14:41 EET" duration-ms="2363">
    <groups>
    </groups>
    <test started-at="2022-12-10T00:14:38 EET" name="Command line test" finished-at="2022-12-10T00:14:41 EET" duration-ms="2363">
      <class name="SortingTest">
        <test-method is-config="true" signature="setUp()[pri:0, instance:SortingTest@109d724c]" started-at="2022-12-10T00:14:39 EET" name="setUp" finished-at="2022-12-10T00:14:39 EET" duration-ms="903" status="PASS">
          <reporter-output>
          </reporter-output>
        </test-method> <!-- setUp -->
        <test-method signature="SortingMenu()[pri:0, instance:SortingTest@109d724c]" started-at="2022-12-10T00:14:40 EET" name="SortingMenu" finished-at="2022-12-10T00:14:40 EET" duration-ms="491" status="PASS">
          <reporter-output>
          </reporter-output>
        </test-method> <!-- SortingMenu -->
        <test-method signature="SortingMenuExist()[pri:0, instance:SortingTest@109d724c]" started-at="2022-12-10T00:14:40 EET" name="SortingMenuExist" finished-at="2022-12-10T00:14:40 EET" duration-ms="26" status="PASS">
          <reporter-output>
          </reporter-output>
        </test-method> <!-- SortingMenuExist -->
      </class> <!-- SortingTest -->
      <class name="LoginTest">
        <test-method is-config="true" signature="setUp()[pri:0, instance:LoginTest@4e61e4c2]" started-at="2022-12-10T00:14:38 EET" name="setUp" finished-at="2022-12-10T00:14:39 EET" duration-ms="290" status="PASS">
          <reporter-output>
          </reporter-output>
        </test-method> <!-- setUp -->
        <test-method signature="loginPage()[pri:0, instance:LoginTest@4e61e4c2]" started-at="2022-12-10T00:14:40 EET" name="loginPage" finished-at="2022-12-10T00:14:41 EET" duration-ms="487" status="PASS">
          <reporter-output>
          </reporter-output>
        </test-method> <!-- loginPage -->
        <test-method is-config="true" signature="stopDriver()[pri:0, instance:LoginTest@4e61e4c2]" started-at="2022-12-10T00:14:41 EET" name="stopDriver" finished-at="2022-12-10T00:14:41 EET" duration-ms="116" status="PASS">
          <reporter-output>
          </reporter-output>
        </test-method> <!-- stopDriver -->
      </class> <!-- LoginTest -->
    </test> <!-- Command line test -->
  </suite> <!-- Command line suite -->
</testng-results>
